<?xml version="1.0" encoding="UTF-8"?>
<!-- Generated by org.testng.reporters.JUnitReportReporter -->
<testsuite hostname="DESKTOP-U4GLDR7" failures="0" tests="1" name="com.crm.sdet.demoGit.DemoGit" time="0.042" errors="0" timestamp="2022-01-26T20:51:52 IST" skipped="0">
  <testcase classname="com.crm.sdet.demoGit.DemoGit" name="demoGit" time="0.042"/>
  <system-out/>
</testsuite> <!-- com.crm.sdet.demoGit.DemoGit -->
